[35m[1mScanning dependencies of target sensor_subscriber[0m
[  0%] Built target geometry_msgs_generate_messages_eus
[  0%] Built target geometry_msgs_generate_messages_cpp
[  0%] Built target geometry_msgs_generate_messages_nodejs
[  0%] Built target std_msgs_generate_messages_nodejs
[  0%] Built target std_msgs_generate_messages_cpp
[  0%] Built target std_msgs_generate_messages_eus
[  9%] [32mBuilding CXX object CMakeFiles/sensor_subscriber.dir/src/sensor_subscriber.cpp.o[0m
[35m[1mScanning dependencies of target sensor_faker[0m
[  9%] Built target geometry_msgs_generate_messages_py
[  9%] Built target std_msgs_generate_messages_py
[  9%] Built target geometry_msgs_generate_messages_lisp
[  9%] Built target std_msgs_generate_messages_lisp
[ 18%] [32mBuilding CXX object CMakeFiles/sensor_faker.dir/src/sensor_faker.cpp.o[0m
[ 18%] Built target _gas_sensing_generate_messages_check_deps_ConcentrationWithHeader
[ 27%] Built target gas_sensing_generate_messages_cpp
[ 45%] Built target gas_sensing_generate_messages_py
[ 54%] Built target gas_sensing_generate_messages_nodejs
[ 72%] Built target gas_sensing_generate_messages_eus
[ 81%] Built target gas_sensing_generate_messages_lisp
[ 81%] Built target gas_sensing_generate_messages
[01m[K/home/abersier/Documents/ETH/Semester_Project/SP_simulation/catkin_sim/src/gas_sensing/src/sensor_faker.cpp:[m[K In member function â€˜[01m[Kvoid SensorFaker::callback(const PoseWithCovarianceStampedConstPtr&)[m[Kâ€™:
[01m[K/home/abersier/Documents/ETH/Semester_Project/SP_simulation/catkin_sim/src/gas_sensing/src/sensor_faker.cpp:170:31:[m[K [01;31m[Kerror: [m[Kdeclaration of â€˜[01m[Ksensor_msgs::ImagePtr msg[m[Kâ€™ shadows a parameter
  170 |         sensor_msgs::ImagePtr [01;31m[Kmsg[m[K = cv_bridge::CvImage(std_msgs::Header(), "bgr8", image).toImageMsg();
      |                               [01;31m[K^~~[m[K
make[2]: *** [CMakeFiles/sensor_faker.dir/build.make:63: CMakeFiles/sensor_faker.dir/src/sensor_faker.cpp.o] Error 1
make[1]: *** [CMakeFiles/Makefile2:1608: CMakeFiles/sensor_faker.dir/all] Error 2
make[1]: *** Waiting for unfinished jobs....
[ 90%] [32m[1mLinking CXX executable /home/abersier/Documents/ETH/Semester_Project/SP_simulation/catkin_sim/devel/.private/gas_sensing/lib/gas_sensing/sensor_subscriber[0m
[ 90%] Built target sensor_subscriber
make: *** [Makefile:141: all] Error 2
