[01m[K/home/abersier/Documents/ETH/Semester_Project/SP_simulation/catkin_sim/src/gas_sensing/src/sensor_faker.cpp:11:10:[m[K [01;31m[Kfatal error: [m[Kopencv2/opencv.hpp: No such file or directory
   11 | #include [01;31m[K<opencv2/opencv.hpp>[m[K
      |          [01;31m[K^~~~~~~~~~~~~~~~~~~~[m[K
compilation terminated.
make[2]: *** [CMakeFiles/sensor_faker.dir/build.make:63: CMakeFiles/sensor_faker.dir/src/sensor_faker.cpp.o] Error 1
make[1]: *** [CMakeFiles/Makefile2:185: CMakeFiles/sensor_faker.dir/all] Error 2
make[1]: *** Waiting for unfinished jobs....
make: *** [Makefile:141: all] Error 2
