[35m[1mScanning dependencies of target sensor_faker[0m
[  0%] Built target std_msgs_generate_messages_eus
[  0%] Built target geometry_msgs_generate_messages_eus
[  0%] Built target std_msgs_generate_messages_nodejs
[  0%] Built target std_msgs_generate_messages_lisp
[  0%] Built target geometry_msgs_generate_messages_lisp
[  0%] Built target geometry_msgs_generate_messages_nodejs
[  9%] [32mBuilding CXX object CMakeFiles/sensor_faker.dir/src/sensor_faker.cpp.o[0m
[  9%] Built target std_msgs_generate_messages_cpp
[  9%] Built target std_msgs_generate_messages_py
[  9%] Built target geometry_msgs_generate_messages_py
[  9%] Built target geometry_msgs_generate_messages_cpp
[ 27%] Built target sensor_subscriber
[ 27%] Built target _gas_sensing_generate_messages_check_deps_ConcentrationWithHeader
[ 36%] Built target gas_sensing_generate_messages_cpp
[ 63%] Built target gas_sensing_generate_messages_py
[ 72%] Built target gas_sensing_generate_messages_eus
[ 81%] Built target gas_sensing_generate_messages_nodejs
[ 90%] Built target gas_sensing_generate_messages_lisp
[ 90%] Built target gas_sensing_generate_messages
[01m[K/home/abersier/Documents/ETH/Semester_Project/SP_simulation/catkin_sim/src/gas_sensing/src/sensor_faker.cpp:11:10:[m[K [01;31m[Kfatal error: [m[Kopencv2/opencv.hpp: No such file or directory
   11 | #include [01;31m[K<opencv2/opencv.hpp>[m[K
      |          [01;31m[K^~~~~~~~~~~~~~~~~~~~[m[K
compilation terminated.
make[2]: *** [CMakeFiles/sensor_faker.dir/build.make:63: CMakeFiles/sensor_faker.dir/src/sensor_faker.cpp.o] Error 1
make[1]: *** [CMakeFiles/Makefile2:185: CMakeFiles/sensor_faker.dir/all] Error 2
make: *** [Makefile:141: all] Error 2
