[01m[K/home/abersier/Documents/ETH/Semester_Project/SP_simulation/catkin_sim/src/gas_sensing/src/sensor_faker.cpp:[m[K In member function â€˜[01m[Kvoid SensorFaker::callback(const PoseWithCovarianceStampedConstPtr&)[m[Kâ€™:
[01m[K/home/abersier/Documents/ETH/Semester_Project/SP_simulation/catkin_sim/src/gas_sensing/src/sensor_faker.cpp:109:29:[m[K [01;31m[Kerror: [m[Kexpected â€˜[01m[K;[m[Kâ€™ before â€˜[01m[Kmarker[m[Kâ€™
  109 |         marker.color.r = 0.5[01;31m[K/[m[K/concentration;
      |                             [01;31m[K^[m[K
      |                             [32m[K;[m[K
  110 |         [32m[Kmarker[m[K.color.g = 0.0;
      |         [32m[K~~~~~~[m[K               
make[2]: *** [CMakeFiles/sensor_faker.dir/build.make:63: CMakeFiles/sensor_faker.dir/src/sensor_faker.cpp.o] Error 1
make[1]: *** [CMakeFiles/Makefile2:178: CMakeFiles/sensor_faker.dir/all] Error 2
make: *** [Makefile:141: all] Error 2
