[01m[K/home/abersier/Documents/ETH/Semester_Project/SP_simulation/catkin_sim/src/gas_sensing/src/sensor_subscriber.cpp:[m[K In member function â€˜[01m[Kvoid SensorSubscriber::publishConcentrationWithPose()[m[Kâ€™:
[01m[K/home/abersier/Documents/ETH/Semester_Project/SP_simulation/catkin_sim/src/gas_sensing/src/sensor_subscriber.cpp:72:33:[m[K [01;31m[Kerror: [m[Kâ€˜[01m[Kmax_concentration[m[Kâ€™ was not declared in this scope; did you mean â€˜[01m[KlastConcentration[m[Kâ€™?
   72 |             if (concentration > [01;31m[Kmax_concentration[m[K) {
      |                                 [01;31m[K^~~~~~~~~~~~~~~~~[m[K
      |                                 [32m[KlastConcentration[m[K
[01m[K/home/abersier/Documents/ETH/Semester_Project/SP_simulation/catkin_sim/src/gas_sensing/src/sensor_subscriber.cpp:75:60:[m[K [01;31m[Kerror: [m[Kâ€˜[01m[Kmax_concentration[m[Kâ€™ was not declared in this scope; did you mean â€˜[01m[KlastConcentration[m[Kâ€™?
   75 |             float normalized_concentration = concentration/[01;31m[Kmax_concentration[m[K;
      |                                                            [01;31m[K^~~~~~~~~~~~~~~~~[m[K
      |                                                            [32m[KlastConcentration[m[K
make[2]: *** [CMakeFiles/sensor_subscriber.dir/build.make:63: CMakeFiles/sensor_subscriber.dir/src/sensor_subscriber.cpp.o] Error 1
make[1]: *** [CMakeFiles/Makefile2:762: CMakeFiles/sensor_subscriber.dir/all] Error 2
make[1]: *** Waiting for unfinished jobs....
make: *** [Makefile:141: all] Error 2
