[35m[1mScanning dependencies of target path_follower_node[0m
[ 50%] [32mBuilding CXX object CMakeFiles/path_follower_node.dir/src/pathFollower.cpp.o[0m
[01m[K/home/abersier/Documents/ETH/Semester_Project/SP_simulation/catkin_sim/src/path_follower/src/pathFollower.cpp:[m[K In function â€˜[01m[Kint main(int, char**)[m[Kâ€™:
[01m[K/home/abersier/Documents/ETH/Semester_Project/SP_simulation/catkin_sim/src/path_follower/src/pathFollower.cpp:292:11:[m[K [01;31m[Kerror: [m[Kâ€˜[01m[Ki[m[Kâ€™ was not declared in this scope
  292 |       for([01;31m[Ki[m[K = 0; i < path.poses.size(); i++) {
      |           [01;31m[K^[m[K
make[2]: *** [CMakeFiles/path_follower_node.dir/build.make:63: CMakeFiles/path_follower_node.dir/src/pathFollower.cpp.o] Error 1
make[1]: *** [CMakeFiles/Makefile2:218: CMakeFiles/path_follower_node.dir/all] Error 2
make: *** [Makefile:141: all] Error 2
