[01m[K/home/abersier/Documents/ETH/Semester_Project/SP_simulation/catkin_sim/src/path_planner/src/path_planner.cpp:[m[K In function â€˜[01m[Kdouble computeDistance(const PoseStamped&, const PoseStamped&)[m[Kâ€™:
[01m[K/home/abersier/Documents/ETH/Semester_Project/SP_simulation/catkin_sim/src/path_planner/src/path_planner.cpp:23:42:[m[K [01;31m[Kerror: [m[Kâ€˜[01m[Kdz[m[Kâ€™ was not declared in this scope; did you mean â€˜[01m[Kdy[m[Kâ€™?
   23 |     return std::sqrt(dx * dx + dy * dy + [01;31m[Kdz[m[K * dz);
      |                                          [01;31m[K^~[m[K
      |                                          [32m[Kdy[m[K
make[2]: *** [CMakeFiles/path_planner.dir/build.make:63: CMakeFiles/path_planner.dir/src/path_planner.cpp.o] Error 1
make[1]: *** [CMakeFiles/Makefile2:196: CMakeFiles/path_planner.dir/all] Error 2
make: *** [Makefile:141: all] Error 2
