[01m[K/home/abersier/Documents/ETH/Semester_Project/SP_simulation/catkin_sim/src/path_planner/src/path_hardcoder.cpp:[m[K In member function â€˜[01m[Kbool PathHardcoder::sendPathCallback(std_srvs::Empty::Request&, std_srvs::Empty::Response&)[m[Kâ€™:
[01m[K/home/abersier/Documents/ETH/Semester_Project/SP_simulation/catkin_sim/src/path_planner/src/path_hardcoder.cpp:73:126:[m[K [01;31m[Kerror: [m[Kno matching function for call to â€˜[01m[Ktf2_ros::Buffer::lookupTransform(const char [5], ros::Time, ros::Duration)[m[Kâ€™
   73 |                 geometry_msgs::TransformStamped transform = tfBuffer.lookupTransform("base", ros::Time(0), ros::Duration(1.0)[01;31m[K)[m[K;
      |                                                                                                                              [01;31m[K^[m[K
In file included from [01m[K/opt/ros/noetic/include/tf2_ros/transform_listener.h:40[m[K,
                 from [01m[K/home/abersier/Documents/ETH/Semester_Project/SP_simulation/catkin_sim/src/path_planner/src/path_hardcoder.cpp:6[m[K:
[01m[K/opt/ros/noetic/include/tf2_ros/buffer.h:76:5:[m[K [01;36m[Knote: [m[Kcandidate: â€˜[01m[Kvirtual geometry_msgs::TransformStamped tf2_ros::Buffer::lookupTransform(const string&, const string&, const ros::Time&, ros::Duration) const[m[Kâ€™
   76 |     [01;36m[KlookupTransform[m[K(const std::string& target_frame, const std::string& source_frame,
      |     [01;36m[K^~~~~~~~~~~~~~~[m[K
[01m[K/opt/ros/noetic/include/tf2_ros/buffer.h:76:5:[m[K [01;36m[Knote: [m[K  candidate expects 4 arguments, 3 provided
[01m[K/opt/ros/noetic/include/tf2_ros/buffer.h:92:5:[m[K [01;36m[Knote: [m[Kcandidate: â€˜[01m[Kvirtual geometry_msgs::TransformStamped tf2_ros::Buffer::lookupTransform(const string&, const ros::Time&, const string&, const ros::Time&, const string&, ros::Duration) const[m[Kâ€™
   92 |     [01;36m[KlookupTransform[m[K(const std::string& target_frame, const ros::Time& target_time,
      |     [01;36m[K^~~~~~~~~~~~~~~[m[K
[01m[K/opt/ros/noetic/include/tf2_ros/buffer.h:92:5:[m[K [01;36m[Knote: [m[K  candidate expects 6 arguments, 3 provided
In file included from [01m[K/opt/ros/noetic/include/tf2_ros/buffer_interface.h:35[m[K,
                 from [01m[K/opt/ros/noetic/include/tf2_ros/buffer.h:35[m[K,
                 from [01m[K/opt/ros/noetic/include/tf2_ros/transform_listener.h:40[m[K,
                 from [01m[K/home/abersier/Documents/ETH/Semester_Project/SP_simulation/catkin_sim/src/path_planner/src/path_hardcoder.cpp:6[m[K:
[01m[K/opt/ros/noetic/include/tf2/buffer_core.h:142:5:[m[K [01;36m[Knote: [m[Kcandidate: â€˜[01m[Kgeometry_msgs::TransformStamped tf2::BufferCore::lookupTransform(const string&, const ros::Time&, const string&, const ros::Time&, const string&) const[m[Kâ€™
  142 |     [01;36m[KlookupTransform[m[K(const std::string& target_frame, const ros::Time& target_time,
      |     [01;36m[K^~~~~~~~~~~~~~~[m[K
[01m[K/opt/ros/noetic/include/tf2/buffer_core.h:142:5:[m[K [01;36m[Knote: [m[K  candidate expects 5 arguments, 3 provided
[01m[K/opt/ros/noetic/include/tf2/buffer_core.h:126:5:[m[K [01;36m[Knote: [m[Kcandidate: â€˜[01m[Kgeometry_msgs::TransformStamped tf2::BufferCore::lookupTransform(const string&, const string&, const ros::Time&) const[m[Kâ€™
  126 |     [01;36m[KlookupTransform[m[K(const std::string& target_frame, const std::string& source_frame,
      |     [01;36m[K^~~~~~~~~~~~~~~[m[K
[01m[K/opt/ros/noetic/include/tf2/buffer_core.h:126:73:[m[K [01;36m[Knote: [m[K  no known conversion for argument 2 from â€˜[01m[Kros::Time[m[Kâ€™ to â€˜[01m[Kconst string&[m[Kâ€™ {aka â€˜[01m[Kconst std::__cxx11::basic_string<char>&[m[Kâ€™}
  126 |     lookupTransform(const std::string& target_frame, [01;36m[Kconst std::string& source_frame[m[K,
      |                                                      [01;36m[K~~~~~~~~~~~~~~~~~~~^~~~~~~~~~~~[m[K
make[2]: *** [CMakeFiles/path_hardcoder.dir/build.make:63: CMakeFiles/path_hardcoder.dir/src/path_hardcoder.cpp.o] Error 1
make[1]: *** [CMakeFiles/Makefile2:790: CMakeFiles/path_hardcoder.dir/all] Error 2
make: *** [Makefile:141: all] Error 2
