[35m[1mScanning dependencies of target path_planner[0m
[  0%] Built target std_msgs_generate_messages_py
[  0%] Built target std_msgs_generate_messages_eus
[  0%] Built target geometry_msgs_generate_messages_py
[  0%] Built target geometry_msgs_generate_messages_eus
[  0%] Built target geometry_msgs_generate_messages_nodejs
[  0%] Built target std_msgs_generate_messages_nodejs
[  9%] [32mBuilding CXX object CMakeFiles/path_planner.dir/src/path_planner.cpp.o[0m
[35m[1mScanning dependencies of target path_hardcoder[0m
[  9%] Built target geometry_msgs_generate_messages_cpp
[  9%] Built target geometry_msgs_generate_messages_lisp
[  9%] Built target std_msgs_generate_messages_lisp
[  9%] Built target std_msgs_generate_messages_cpp
[ 18%] [32mBuilding CXX object CMakeFiles/path_hardcoder.dir/src/path_hardcoder.cpp.o[0m
[ 18%] Built target _path_planner_generate_messages_check_deps_ConcentrationWithHeader
[ 54%] Built target path_planner_generate_messages_nodejs
[ 54%] Built target path_planner_generate_messages_lisp
[ 72%] Built target path_planner_generate_messages_eus
[ 72%] Built target path_planner_generate_messages_py
[ 81%] Built target path_planner_generate_messages_cpp
[ 81%] Built target path_planner_generate_messages
[01m[K/home/abersier/Documents/ETH/Semester_Project/SP_simulation/catkin_sim/src/path_planner/src/path_hardcoder.cpp:[m[K In constructor â€˜[01m[KPathHardcoder::PathHardcoder()[m[Kâ€™:
[01m[K/home/abersier/Documents/ETH/Semester_Project/SP_simulation/catkin_sim/src/path_planner/src/path_hardcoder.cpp:13:23:[m[K [01;31m[Kerror: [m[Kclass â€˜[01m[KPathHardcoder[m[Kâ€™ does not have any field named â€˜[01m[KtfListener[m[Kâ€™
   13 |     PathHardcoder() : [01;31m[KtfListener[m[K(tfBuffer)
      |                       [01;31m[K^~~~~~~~~~[m[K
[01m[K/home/abersier/Documents/ETH/Semester_Project/SP_simulation/catkin_sim/src/path_planner/src/path_hardcoder.cpp:13:34:[m[K [01;31m[Kerror: [m[Kâ€˜[01m[KtfBuffer[m[Kâ€™ was not declared in this scope
   13 |     PathHardcoder() : tfListener([01;31m[KtfBuffer[m[K)
      |                                  [01;31m[K^~~~~~~~[m[K
[01m[K/home/abersier/Documents/ETH/Semester_Project/SP_simulation/catkin_sim/src/path_planner/src/path_hardcoder.cpp:[m[K In member function â€˜[01m[Kbool PathHardcoder::sendPathCallback(std_srvs::Empty::Request&, std_srvs::Empty::Response&)[m[Kâ€™:
[01m[K/home/abersier/Documents/ETH/Semester_Project/SP_simulation/catkin_sim/src/path_planner/src/path_hardcoder.cpp:68:61:[m[K [01;31m[Kerror: [m[Kâ€˜[01m[KtfBuffer[m[Kâ€™ was not declared in this scope
   68 |                 geometry_msgs::TransformStamped transform = [01;31m[KtfBuffer[m[K.lookupTransform("base_link", ros::Time(0), ros::Duration(1.0));
      |                                                             [01;31m[K^~~~~~~~[m[K
make[2]: *** [CMakeFiles/path_hardcoder.dir/build.make:63: CMakeFiles/path_hardcoder.dir/src/path_hardcoder.cpp.o] Error 1
make[1]: *** [CMakeFiles/Makefile2:790: CMakeFiles/path_hardcoder.dir/all] Error 2
make[1]: *** Waiting for unfinished jobs....
[ 90%] [32m[1mLinking CXX executable /home/abersier/Documents/ETH/Semester_Project/SP_simulation/catkin_sim/devel/.private/path_planner/lib/path_planner/path_planner[0m
[ 90%] Built target path_planner
make: *** [Makefile:141: all] Error 2
